
> pdfcraft@0.1.0 dev
> next dev --turbopack

 ⚠ Specified "headers" will not automatically work with "output: export". See more info here: https://nextjs.org/docs/messages/export-no-custom-routes
 ⚠ Specified "headers" will not automatically work with "output: export". See more info here: https://nextjs.org/docs/messages/export-no-custom-routes
   ▲ Next.js 15.5.9 (Turbopack)
   - Local:        http://localhost:3000
   - Network:      http://192.168.0.2:3000

 ✓ Starting...
 ✓ Compiled middleware in 396ms
 ✓ Ready in 1920ms
 ○ Compiling / ...
 ✓ Compiled / in 4.9s
 GET / 200 in 5454ms
 ○ Compiling /[locale] ...
 ✓ Compiled /[locale] in 2.4s
 GET /en/ 200 in 3286ms
 GET / 200 in 154ms
 GET /en/ 200 in 234ms
 ○ Compiling /[locale]/contact ...
 ✓ Compiled /[locale]/contact in 800ms
 GET /en/contact/ 200 in 1863ms
